Arguments: 
  C:\Program Files\nodejs\node.exe C:\Program Files (x86)\Yarn\bin\yarn.js dev

PATH: 
  C:\Windows\system32;C:\Windows;C:\Windows\System32\Wbem;C:\Windows\System32\WindowsPowerShell\v1.0\;C:\Program Files (x86)\Skype\Phone\;C:\Android;C:\Windows\System32;C:\Program Files\Git\cmd;C:\Program Files (x86)\Yarn\bin\;C:\Program Files\nodejs\;C:\Program Files\Microsoft VS Code\bin;C:\Users\Eldar Iskakov\AppData\Local\Yarn\bin;C:\Users\Eldar Iskakov\AppData\Roaming\npm

Yarn version: 
  1.5.1

Node version: 
  8.11.1

Platform: 
  win32 x64

npm manifest: 
  {
    "name": "adonuxt",
    "version": "1.0.0",
    "author": "",
    "description": "",
    "license": "MIT",
    "private": true,
    "main": "server.js",
    "scripts": {
      "serve:dev": "npm run dev",
      "dev": "nodemon --watch app --watch bootstrap --watch config --watch .env -x node server.js",
      "build": "node ./ace nuxtbuild",
      "start": "cross-env NODE_ENV=production node server.js",
      "precommit": "npm run lint",
      "lint": "standard && eslint --ext .js,.vue resources/"
    },
    "dependencies": {
      "@adonisjs/ace": "^4.0.7",
      "@adonisjs/auth": "^2.0.10",
      "@adonisjs/bodyparser": "^1.0.8",
      "@adonisjs/cors": "^1.0.2",
      "@adonisjs/fold": "^4.0.5",
      "@adonisjs/framework": "^4.0.27",
      "@adonisjs/ignitor": "^1.0.14",
      "@adonisjs/lucid": "^4.0.22",
      "@adonisjs/session": "^1.0.19",
      "@adonisjs/shield": "^1.0.4",
      "@nuxtjs/pwa": "^2.0.8",
      "@nuxtjs/sitemap": "^0.1.1",
      "axios": "^0.18.0",
      "cross-env": "^3.1.4",
      "izitoast": "^1.3.0",
      "less": "^3.0.1",
      "less-loader": "^4.1.0",
      "nuxt": "latest",
      "nuxt-robots-module": "^1.2.0",
      "standard": "^8.6.0",
      "sweetalert2": "^7.19.1",
      "vue-carousel": "^0.7.2",
      "vue-notifications": "^0.9.0",
      "vue-scrollto": "^2.11.0",
      "vue-slider-component": "^2.6.2",
      "vue-social-sharing": "^2.3.3",
      "youch": "^2.0.4"
    },
    "standard": {
      "global": [
        "use",
        "make"
      ]
    },
    "autoload": {
      "App": "./app"
    },
    "devDependencies": {
      "babel-eslint": "^7.1.1",
      "eslint": "^3.13.1",
      "eslint-config-standard": "^6.2.1",
      "eslint-plugin-html": "^2.0.0",
      "eslint-plugin-promise": "^3.4.0",
      "eslint-plugin-standard": "^2.0.1",
      "nodemon": "^1.11.0",
      "standard": "^8.6.0",
      "svg-inline-loader": "^0.8.0",
      "vue-svg-loader": "^0.5.0",
      "webpack": "3.11.0"
    }
  }

yarn manifest: 
  No manifest

Lockfile: 
  No lockfile

Trace: 
  Error: Command failed.
  Exit code: 3221225786
  Command: C:\Windows\system32\cmd.exe
  Arguments: /d /s /c nodemon --watch app --watch bootstrap --watch config --watch .env -x node server.js
  Directory: C:\Users\Eldar Iskakov\Documents\GitHub\terminator.kg
  Output:
  
      at ProcessTermError.MessageError (C:\Program Files (x86)\Yarn\lib\cli.js:186:110)
      at new ProcessTermError (C:\Program Files (x86)\Yarn\lib\cli.js:226:113)
      at ChildProcess.<anonymous> (C:\Program Files (x86)\Yarn\lib\cli.js:30281:17)
      at emitTwo (events.js:126:13)
      at ChildProcess.emit (events.js:214:7)
      at maybeClose (internal/child_process.js:925:16)
      at Process.ChildProcess._handle.onexit (internal/child_process.js:209:5)
